{"level":"info","message":"Server is running on port 8080","service":"my-app","timestamp":"2023-04-19T05:54:38.140Z"}
{"level":"info","message":"Database connected successfully","service":"my-app","timestamp":"2023-04-19T05:54:38.293Z"}
{"level":"info","message":"Server is running on port 8080","service":"my-app","timestamp":"2023-04-19T06:03:07.476Z"}
{"level":"info","message":"Database connected successfully","service":"my-app","timestamp":"2023-04-19T06:03:07.889Z"}
{"level":"info","message":"New post created","service":"my-app","timestamp":"2023-04-19T06:03:20.446Z"}
{"level":"info","message":"Server is running on port 8080","service":"my-app","timestamp":"2023-04-19T06:19:21.364Z"}
{"level":"info","message":"Database connected successfully","service":"my-app","timestamp":"2023-04-19T06:19:21.667Z"}
{"level":"info","message":"Server is running on port 8080","service":"my-app","timestamp":"2023-04-19T06:22:13.987Z"}
{"level":"info","message":"Database connected successfully","service":"my-app","timestamp":"2023-04-19T06:22:14.131Z"}
{"level":"info","message":"Server is running on port 8080","service":"my-app","timestamp":"2023-04-19T06:26:03.887Z"}
{"level":"info","message":"Database connected successfully","service":"my-app","timestamp":"2023-04-19T06:26:04.138Z"}
{"level":"info","message":"Server is running on port 8080","service":"my-app","timestamp":"2023-04-19T06:26:12.588Z"}
{"level":"info","message":"Database connected successfully","service":"my-app","timestamp":"2023-04-19T06:26:13.077Z"}
{"level":"info","message":"Server is running on port 8080","service":"my-app","timestamp":"2023-04-19T06:26:38.415Z"}
{"level":"info","message":"Database connected successfully","service":"my-app","timestamp":"2023-04-19T06:26:38.471Z"}
{"level":"info","message":"Server is running on port 8080","service":"my-app","timestamp":"2023-04-19T06:29:07.110Z"}
{"level":"info","message":"Database connected successfully","service":"my-app","timestamp":"2023-04-19T06:29:07.233Z"}
{"level":"info","message":"Server is running on port 8080","service":"my-app","timestamp":"2023-04-19T06:29:24.427Z"}
{"level":"info","message":"Database connected successfully","service":"my-app","timestamp":"2023-04-19T06:29:24.508Z"}
{"level":"info","message":"Server is running on port 8080","service":"my-app","timestamp":"2023-04-19T06:34:27.680Z"}
{"level":"info","message":"Database connected successfully","service":"my-app","timestamp":"2023-04-19T06:34:27.841Z"}
{"level":"info","message":"Server is running on port 8080","service":"my-app","timestamp":"2023-04-19T07:22:04.251Z"}
{"level":"info","message":"Database connected successfully","service":"my-app","timestamp":"2023-04-19T07:22:04.415Z"}
{"level":"info","message":"Server is running on port 8080","service":"my-app","timestamp":"2023-04-19T07:32:45.626Z"}
{"level":"info","message":"Database connected successfully","service":"my-app","timestamp":"2023-04-19T07:32:45.749Z"}
{"level":"info","message":"Server is running on port 8080","service":"my-app","timestamp":"2023-04-19T07:36:49.467Z"}
{"level":"info","message":"Database connected successfully","service":"my-app","timestamp":"2023-04-19T07:36:49.614Z"}
{"level":"info","message":"Server is running on port 8080","service":"my-app","timestamp":"2023-04-19T07:43:01.468Z"}
{"level":"info","message":"Database connected successfully","service":"my-app","timestamp":"2023-04-19T07:43:01.565Z"}
{"level":"info","message":"Server is running on port 8080","service":"my-app","timestamp":"2023-04-19T07:45:41.596Z"}
{"level":"info","message":"Database connected successfully","service":"my-app","timestamp":"2023-04-19T07:45:41.729Z"}
{"level":"info","message":"Server is running on port 8080","service":"my-app","timestamp":"2023-04-19T07:47:28.950Z"}
{"level":"info","message":"Database connected successfully","service":"my-app","timestamp":"2023-04-19T07:47:29.019Z"}
{"level":"info","message":"Server is running on port 8080","service":"my-app","timestamp":"2023-04-19T07:48:15.700Z"}
{"level":"info","message":"Database connected successfully","service":"my-app","timestamp":"2023-04-19T07:48:15.847Z"}
{"level":"info","message":"Server is running on port 8080","service":"my-app","timestamp":"2023-04-19T07:50:14.079Z"}
{"level":"info","message":"Database connected successfully","service":"my-app","timestamp":"2023-04-19T07:50:14.139Z"}
{"level":"info","message":"Server is running on port 8080","service":"my-app","timestamp":"2023-04-19T07:52:53.417Z"}
{"level":"info","message":"Database connected successfully","service":"my-app","timestamp":"2023-04-19T07:52:53.482Z"}
{"level":"info","message":"Profile retrieved successfully","service":"my-app","timestamp":"2023-04-19T11:54:50.389Z"}
{"level":"info","message":"Friends page information retrieved","service":"my-app","timestamp":"2023-04-19T11:54:53.856Z"}
{"level":"info","message":"Retrieved all posts","service":"my-app","timestamp":"2023-04-19T12:20:50.223Z"}
{"level":"info","message":"Friends page information retrieved","service":"my-app","timestamp":"2023-04-19T12:20:50.260Z"}
{"level":"info","message":"Retrieved all posts","service":"my-app","timestamp":"2023-04-19T13:34:11.816Z"}
{"level":"info","message":"Friends page information retrieved","service":"my-app","timestamp":"2023-04-19T13:34:11.897Z"}
{"level":"info","message":"Server is running on port 8080","service":"my-app","timestamp":"2023-04-19T14:05:06.194Z"}
{"level":"info","message":"Database connected successfully","service":"my-app","timestamp":"2023-04-19T14:05:11.052Z"}
{"level":"info","message":"Server is running on port 8080","service":"my-app","timestamp":"2023-04-19T14:22:30.924Z"}
{"level":"info","message":"Database connected successfully","service":"my-app","timestamp":"2023-04-19T14:22:31.276Z"}
{"level":"info","message":"User 643a79fd9771cd15a9aca5d1 searched for kami","service":"my-app","timestamp":"2023-04-19T14:23:17.212Z"}
{"level":"info","message":"User 643a79fd9771cd15a9aca5d1 searched for ka","service":"my-app","timestamp":"2023-04-19T14:23:17.217Z"}
{"level":"info","message":"User 643a79fd9771cd15a9aca5d1 searched for k","service":"my-app","timestamp":"2023-04-19T14:23:17.221Z"}
{"level":"info","message":"User 643a79fd9771cd15a9aca5d1 searched for kam","service":"my-app","timestamp":"2023-04-19T14:23:17.223Z"}
{"level":"info","message":"User 643a79fd9771cd15a9aca5d1 searched for kamil","service":"my-app","timestamp":"2023-04-19T14:23:17.265Z"}
{"level":"info","message":"Profile retrieved successfully","service":"my-app","timestamp":"2023-04-19T14:23:24.259Z"}
{"level":"info","message":"Friends page information retrieved","service":"my-app","timestamp":"2023-04-19T14:23:32.254Z"}
