{"errorLabelSet":{},"level":"error","message":"Error connecting to MongoDB connect ECONNREFUSED 127.0.0.1:27017","reason":{"commonWireVersion":0,"compatible":true,"heartbeatFrequencyMS":10000,"localThresholdMS":15,"logicalSessionTimeoutMinutes":null,"maxElectionId":null,"maxSetVersion":null,"servers":{"localhost:27017":{"$clusterTime":null,"address":"localhost:27017","arbiters":[],"electionId":null,"error":{"beforeHandshake":false,"errorLabelSet":{}},"hosts":[],"iscryptd":false,"lastUpdateTime":129272688,"lastWriteDate":0,"logicalSessionTimeoutMinutes":null,"maxBsonObjectSize":null,"maxMessageSizeBytes":null,"maxWireVersion":0,"maxWriteBatchSize":null,"me":null,"minRoundTripTime":0,"minWireVersion":0,"passives":[],"primary":null,"roundTripTime":-1,"setName":null,"setVersion":null,"tags":{},"topologyVersion":null,"type":"Unknown"}},"setName":null,"stale":false,"type":"Unknown"},"service":"my-app","stack":"MongooseServerSelectionError: connect ECONNREFUSED 127.0.0.1:27017\n    at _handleConnectionErrors (/appnode/node_modules/mongoose/lib/connection.js:1165:11)\n    at NativeConnection.openUri (/appnode/node_modules/mongoose/lib/connection.js:1096:11)","timestamp":"2025-05-04T17:51:32.426Z"}
{"level":"error","message":"Error occurred during registration: Cannot read properties of undefined (reading 'length')","service":"my-app","timestamp":"2025-05-04T18:26:52.944Z"}
{"level":"error","message":"Error occurred during registration: Cannot read properties of undefined (reading 'length')","service":"my-app","timestamp":"2025-05-04T18:29:12.402Z"}
{"level":"error","message":"Error occurred during registration: Cannot read properties of undefined (reading 'length')","service":"my-app","timestamp":"2025-05-04T18:29:19.383Z"}
{"level":"error","message":"Error occurred during registration: Cannot read properties of undefined (reading 'length')","service":"my-app","timestamp":"2025-05-04T18:29:45.650Z"}
{"level":"error","message":"Error occurred during registration: Cannot read properties of undefined (reading 'length')","service":"my-app","timestamp":"2025-05-04T18:31:56.297Z"}
{"level":"error","message":"Error occurred during registration: Cannot read properties of undefined (reading 'length')","service":"my-app","timestamp":"2025-05-04T18:35:03.300Z"}
{"level":"error","message":"Error occurred during registration: Cannot read properties of undefined (reading 'length')","service":"my-app","timestamp":"2025-05-04T18:35:29.743Z"}
{"level":"error","message":"Error occurred during registration: Cannot read properties of undefined (reading 'length')","service":"my-app","timestamp":"2025-05-04T18:37:35.578Z"}
{"level":"error","message":"Error occurred during registration: Cannot read properties of undefined (reading 'length')","service":"my-app","timestamp":"2025-05-04T18:37:35.740Z"}
{"level":"error","message":"Error occurred during registration: Cannot read properties of undefined (reading 'length')","service":"my-app","timestamp":"2025-05-04T18:37:38.128Z"}
{"level":"error","message":"Error occurred during registration: User validation failed: bDay: Path `bDay` is required., bMonth: Path `bMonth` is required., bYear: Path `bYear` is required., last_name: last name is required, first_name: first name is required","service":"my-app","timestamp":"2025-05-04T18:39:10.133Z"}
{"level":"error","message":"Error occurred during registration: Cannot read properties of undefined (reading 'length')","service":"my-app","timestamp":"2025-05-04T18:40:31.616Z"}
{"level":"error","message":"Error occurred during registration: Cannot read properties of undefined (reading 'length')","service":"my-app","timestamp":"2025-05-04T18:41:25.352Z"}
{"level":"error","message":"Error occurred during registration: Cannot read properties of undefined (reading 'length')","service":"my-app","timestamp":"2025-05-04T18:43:53.677Z"}
{"level":"error","message":"Error occurred during registration: Cannot read properties of undefined (reading 'length')","service":"my-app","timestamp":"2025-05-04T18:43:53.932Z"}
{"level":"error","message":"Error occurred during registration: Cannot read properties of undefined (reading 'length')","service":"my-app","timestamp":"2025-05-04T18:43:54.051Z"}
{"level":"error","message":"Error occurred during registration: Cannot read properties of undefined (reading 'length')","service":"my-app","timestamp":"2025-05-04T18:44:30.000Z"}
{"level":"error","message":"Error occurred during registration: Cannot read properties of undefined (reading 'length')","service":"my-app","timestamp":"2025-05-04T18:47:23.382Z"}
{"level":"error","message":"Error occurred during login: argon2.compare is not a function","service":"my-app","timestamp":"2025-05-04T18:50:05.666Z"}
{"level":"error","message":"Error occurred during login: argon2.compare is not a function","service":"my-app","timestamp":"2025-05-04T18:50:07.364Z"}
{"level":"error","message":"Error occurred during login: argon2.compare is not a function","service":"my-app","timestamp":"2025-05-04T18:50:23.750Z"}
{"level":"error","message":"Error occurred during login: argon2.compare is not a function","service":"my-app","timestamp":"2025-05-04T18:53:25.232Z"}
{"level":"error","message":"Error occurred during login: argon2.compare is not a function","service":"my-app","timestamp":"2025-05-04T18:53:45.049Z"}
{"level":"error","message":"Error occurred during login: argon2.compare is not a function","service":"my-app","timestamp":"2025-05-04T18:54:37.061Z"}
{"level":"error","message":"Error occurred during login: argon2.compare is not a function","service":"my-app","timestamp":"2025-05-04T18:55:41.536Z"}
{"level":"error","message":"Error retrieving friends page information: Class constructor ObjectId cannot be invoked without 'new'","service":"my-app","timestamp":"2025-05-04T18:56:45.430Z"}
{"level":"error","message":"Error in reactPost: Class constructor ObjectId cannot be invoked without 'new'","service":"my-app","timestamp":"2025-05-04T18:57:19.138Z"}
{"level":"error","message":"Error occurred during registration: Cannot read properties of undefined (reading 'length')","service":"my-app","timestamp":"2025-05-04T18:57:45.834Z"}
{"level":"error","message":"Error retrieving friends page information: Class constructor ObjectId cannot be invoked without 'new'","service":"my-app","timestamp":"2025-05-04T18:57:49.875Z"}
{"level":"error","message":"Error retrieving friends page information: Class constructor ObjectId cannot be invoked without 'new'","service":"my-app","timestamp":"2025-05-04T18:58:00.382Z"}
{"level":"error","message":"Error retrieving friends page information: Class constructor ObjectId cannot be invoked without 'new'","service":"my-app","timestamp":"2025-05-04T18:58:04.680Z"}
{"level":"error","message":"Error occurred during registration: Cannot read properties of undefined (reading 'length')","service":"my-app","timestamp":"2025-05-04T19:05:48.503Z"}
{"level":"error","message":"Error occurred during registration: Cannot read properties of undefined (reading 'length')","service":"my-app","timestamp":"2025-05-04T19:06:28.258Z"}
{"level":"error","message":"Error occurred during registration: Cannot read properties of undefined (reading 'length')","service":"my-app","timestamp":"2025-05-04T19:10:56.240Z"}
{"level":"error","message":"Error occurred during registration: Cannot read properties of undefined (reading 'length')","service":"my-app","timestamp":"2025-05-04T19:11:12.832Z"}
{"level":"error","message":"Error occurred during registration: Cannot read properties of undefined (reading 'length')","service":"my-app","timestamp":"2025-05-04T19:16:19.156Z"}
{"level":"error","message":"Error retrieving friends page information: Class constructor ObjectId cannot be invoked without 'new'","service":"my-app","timestamp":"2025-05-04T19:16:45.167Z"}
{"level":"error","message":"Error retrieving friends page information: Class constructor ObjectId cannot be invoked without 'new'","service":"my-app","timestamp":"2025-05-04T19:18:13.212Z"}
{"level":"error","message":"Error retrieving friends page information: Class constructor ObjectId cannot be invoked without 'new'","service":"my-app","timestamp":"2025-05-04T19:19:14.063Z"}
{"level":"error","message":"Error retrieving friends page information: Class constructor ObjectId cannot be invoked without 'new'","service":"my-app","timestamp":"2025-05-04T19:25:31.357Z"}
{"level":"error","message":"Error retrieving friends page information: Class constructor ObjectId cannot be invoked without 'new'","service":"my-app","timestamp":"2025-05-04T19:28:12.350Z"}
{"level":"error","message":"Error retrieving friends page information: Class constructor ObjectId cannot be invoked without 'new'","service":"my-app","timestamp":"2025-05-04T19:28:37.363Z"}
